2020-02-06 15:29:44,261 logger.py[line:33] DEBUG: ***********开始爬取***********
2020-02-06 15:29:46,007 logger.py[line:33] DEBUG: 请求地址：http://yhxz521.com
2020-02-06 15:29:46,314 logger.py[line:33] DEBUG: 编码为：GB2312
2020-02-06 15:29:46,342 logger.py[line:33] DEBUG: 分类list为：['/', '/qingchun/', '/xinggan/', '/siwa/', '/hanguo/', '/riben/', '/xiezhen/', '/a/jingpindongtai/', '/a/chengrenmanhua/', '/a/guochanzipai/', '/a/ziyuanxiazai/']
2020-02-06 15:30:23,637 logger.py[line:33] DEBUG: ***********开始爬取***********
2020-02-06 15:30:25,578 logger.py[line:33] DEBUG: 请求地址：http://yhxz521.com
2020-02-06 15:30:25,921 logger.py[line:33] DEBUG: 编码为：GB2312
2020-02-06 15:30:25,930 logger.py[line:33] DEBUG: 分类list为：['/', '/qingchun/', '/xinggan/', '/siwa/', '/hanguo/', '/riben/', '/xiezhen/', '/a/jingpindongtai/', '/a/chengrenmanhua/', '/a/guochanzipai/', '/a/ziyuanxiazai/']
2020-02-06 15:30:27,755 logger.py[line:33] DEBUG: 请求地址：http://yhxz521.com/qingchun/
2020-02-06 15:30:27,905 logger.py[line:33] DEBUG: 编码为：GB2312
2020-02-06 15:30:32,254 logger.py[line:33] DEBUG: 请求地址：http://yhxz521.com/qingchun/1_1.html
2020-02-06 15:30:32,413 logger.py[line:33] DEBUG: 编码为：GB2312
2020-02-06 15:30:39,098 logger.py[line:33] DEBUG: 请求地址：http://yhxz521.com/qingchun/5971.html
2020-02-06 15:30:39,266 logger.py[line:33] DEBUG: 编码为：GB2312
2020-02-06 15:30:42,957 logger.py[line:33] DEBUG: 请求地址：http://yhxz521.com/5971_2.html
2020-02-06 15:30:42,986 logger.py[line:33] DEBUG: 编码为：GB2312
2020-02-06 15:30:46,672 logger.py[line:33] DEBUG: 请求地址：http://yhxz521.com/5971_3.html
2020-02-06 15:30:46,695 logger.py[line:33] DEBUG: 编码为：GB2312
2020-02-06 15:30:47,139 logger.py[line:33] DEBUG: 请求地址：http://yhxz521.com/5971_4.html
2020-02-06 15:30:47,158 logger.py[line:33] DEBUG: 编码为：GB2312
2020-02-06 15:30:52,119 logger.py[line:33] DEBUG: ***********开始爬取***********
2020-02-06 15:30:57,615 logger.py[line:33] DEBUG: ***********开始爬取***********
2020-02-06 15:31:01,244 logger.py[line:33] DEBUG: 请求地址：http://yhxz521.com
2020-02-06 15:31:01,556 logger.py[line:33] DEBUG: 编码为：GB2312
2020-02-06 15:31:01,560 logger.py[line:33] DEBUG: 分类list为：['/', '/qingchun/', '/xinggan/', '/siwa/', '/hanguo/', '/riben/', '/xiezhen/', '/a/jingpindongtai/', '/a/chengrenmanhua/', '/a/guochanzipai/', '/a/ziyuanxiazai/']
2020-02-06 15:31:05,065 logger.py[line:33] DEBUG: 请求地址：http://yhxz521.com/qingchun/
2020-02-06 15:31:05,224 logger.py[line:33] DEBUG: 编码为：GB2312
2020-02-06 15:31:15,000 logger.py[line:33] DEBUG: 请求地址：http://yhxz521.com/qingchun/1_1.html
2020-02-06 15:31:15,158 logger.py[line:33] DEBUG: 编码为：GB2312
2020-02-06 15:31:17,286 logger.py[line:33] DEBUG: 请求地址：http://yhxz521.com/qingchun/5971.html
2020-02-06 15:31:17,436 logger.py[line:33] DEBUG: 编码为：GB2312
2020-02-06 15:31:17,882 logger.py[line:33] DEBUG: 请求地址：http://yhxz521.com/5971_2.html
2020-02-06 15:31:17,904 logger.py[line:33] DEBUG: 编码为：GB2312
2020-02-06 15:31:21,377 logger.py[line:33] DEBUG: 请求地址：http://yhxz521.com/5971_3.html
2020-02-06 15:31:21,398 logger.py[line:33] DEBUG: 编码为：GB2312
2020-02-06 15:31:21,872 logger.py[line:33] DEBUG: 请求地址：http://yhxz521.com/5971_4.html
2020-02-06 15:31:21,892 logger.py[line:33] DEBUG: 编码为：GB2312
2020-02-06 15:31:31,564 logger.py[line:33] DEBUG: 请求地址：http://yhxz521.com/5971_5.html
2020-02-06 15:31:31,583 logger.py[line:33] DEBUG: 编码为：GB2312
2020-02-06 15:31:32,040 logger.py[line:33] DEBUG: 请求地址：http://yhxz521.com/5971_6.html
2020-02-06 15:31:32,062 logger.py[line:33] DEBUG: 编码为：GB2312
2020-02-06 15:31:32,528 logger.py[line:33] DEBUG: 请求地址：http://yhxz521.com/5971_7.html
2020-02-06 15:31:32,550 logger.py[line:33] DEBUG: 编码为：GB2312
2020-02-06 15:31:33,086 logger.py[line:33] DEBUG: 请求地址：http://yhxz521.com/5971_8.html
2020-02-06 15:31:33,105 logger.py[line:33] DEBUG: 编码为：GB2312
2020-02-06 15:31:33,565 logger.py[line:33] DEBUG: 请求地址：http://yhxz521.com/5971_9.html
2020-02-06 15:31:33,593 logger.py[line:33] DEBUG: 编码为：GB2312
2020-02-06 15:31:34,045 logger.py[line:33] DEBUG: 请求地址：http://yhxz521.com/5971_10.html
2020-02-06 15:31:34,074 logger.py[line:33] DEBUG: 编码为：GB2312
2020-02-06 15:31:34,526 logger.py[line:33] DEBUG: 请求地址：http://yhxz521.com/5971_11.html
2020-02-06 15:31:34,544 logger.py[line:33] DEBUG: 编码为：GB2312
2020-02-06 15:31:35,039 logger.py[line:33] DEBUG: 请求地址：http://yhxz521.com/5971_12.html
2020-02-06 15:31:35,059 logger.py[line:33] DEBUG: 编码为：GB2312
2020-02-06 15:31:38,524 logger.py[line:33] DEBUG: 请求地址：http://yhxz521.com/5971_13.html
2020-02-06 15:31:38,544 logger.py[line:33] DEBUG: 编码为：GB2312
2020-02-06 15:31:40,057 logger.py[line:33] DEBUG: 请求地址：http://yhxz521.com/5971_14.html
2020-02-06 15:31:40,082 logger.py[line:33] DEBUG: 编码为：GB2312
2020-02-06 15:32:49,323 logger.py[line:33] DEBUG: ***********开始爬取***********
2020-02-06 15:33:02,530 logger.py[line:33] DEBUG: 请求地址：http://yhxz521.com
2020-02-06 15:33:02,818 logger.py[line:33] DEBUG: 编码为：GB2312
2020-02-06 15:33:02,824 logger.py[line:33] DEBUG: 分类list为：['/', '/qingchun/', '/xinggan/', '/siwa/', '/hanguo/', '/riben/', '/xiezhen/', '/a/jingpindongtai/', '/a/chengrenmanhua/', '/a/guochanzipai/', '/a/ziyuanxiazai/']
2020-02-06 15:33:03,971 logger.py[line:33] DEBUG: 请求地址：http://yhxz521.com/qingchun/
2020-02-06 15:33:04,133 logger.py[line:33] DEBUG: 编码为：GB2312
2020-02-06 15:33:04,610 logger.py[line:33] DEBUG: 请求地址：http://yhxz521.com/qingchun/1_1.html
2020-02-06 15:33:04,755 logger.py[line:33] DEBUG: 编码为：GB2312
2020-02-06 15:33:07,495 logger.py[line:33] DEBUG: 请求地址：http://yhxz521.com/qingchun/5971.html
2020-02-06 15:33:07,655 logger.py[line:33] DEBUG: 编码为：GB2312
2020-02-06 15:33:08,742 logger.py[line:33] DEBUG: 请求地址：http://yhxz521.com/qingchun//5971_2.html
2020-02-06 15:33:08,908 logger.py[line:33] DEBUG: 编码为：GB2312
2020-02-06 15:33:10,739 logger.py[line:33] DEBUG: 请求地址：http://yhxz521.com/qingchun//5971_3.html
2020-02-06 15:33:10,879 logger.py[line:33] DEBUG: 编码为：GB2312
2020-02-06 15:33:14,351 logger.py[line:33] DEBUG: 请求地址：http://yhxz521.com/qingchun//5971_4.html
2020-02-06 15:33:14,519 logger.py[line:33] DEBUG: 编码为：GB2312
2020-02-06 15:33:27,271 logger.py[line:33] DEBUG: 请求地址：http://yhxz521.com/qingchun//5971_5.html
2020-02-06 15:33:27,451 logger.py[line:33] DEBUG: 编码为：GB2312
2020-02-06 15:33:35,482 logger.py[line:33] DEBUG: 请求地址：http://yhxz521.com/qingchun//5971_6.html
2020-02-06 15:33:35,657 logger.py[line:33] DEBUG: 编码为：GB2312
2020-02-06 15:33:45,636 logger.py[line:33] DEBUG: 请求地址：http://yhxz521.com/qingchun//5971_7.html
2020-02-06 15:33:45,796 logger.py[line:33] DEBUG: 编码为：GB2312
2020-02-06 15:33:52,500 logger.py[line:33] DEBUG: 请求地址：http://yhxz521.com/qingchun//5971_8.html
2020-02-06 15:33:52,670 logger.py[line:33] DEBUG: 编码为：GB2312
2020-02-06 15:34:16,933 logger.py[line:33] DEBUG: 请求地址：http://yhxz521.com/qingchun//5971_9.html
2020-02-06 15:34:17,158 logger.py[line:33] DEBUG: 编码为：GB2312
2020-02-06 15:35:08,276 logger.py[line:33] DEBUG: ***********开始爬取***********
2020-02-06 15:35:14,376 logger.py[line:33] DEBUG: 请求地址：http://yhxz521.com
2020-02-06 15:35:14,653 logger.py[line:33] DEBUG: 编码为：GB2312
2020-02-06 15:35:14,659 logger.py[line:33] DEBUG: 分类list为：['/', '/qingchun/', '/xinggan/', '/siwa/', '/hanguo/', '/riben/', '/xiezhen/', '/a/jingpindongtai/', '/a/chengrenmanhua/', '/a/guochanzipai/', '/a/ziyuanxiazai/']
2020-02-06 15:35:18,013 logger.py[line:33] DEBUG: 请求地址：http://yhxz521.com/qingchun/
2020-02-06 15:35:18,173 logger.py[line:33] DEBUG: 编码为：GB2312
2020-02-06 15:35:31,153 logger.py[line:33] DEBUG: 请求地址：http://yhxz521.com/qingchun/1_1.html
2020-02-06 15:35:31,292 logger.py[line:33] DEBUG: 编码为：GB2312
2020-02-06 15:35:44,401 logger.py[line:33] DEBUG: 请求地址：http://yhxz521.com/qingchun/5971.html
2020-02-06 15:35:44,548 logger.py[line:33] DEBUG: 编码为：GB2312
2020-02-06 15:35:48,080 logger.py[line:33] DEBUG: 请求地址：http://yhxz521.com/qingchun//5971_2.html
2020-02-06 15:35:48,269 logger.py[line:33] DEBUG: 编码为：GB2312
2020-02-06 15:35:49,927 logger.py[line:33] DEBUG: 请求地址：http://yhxz521.com/qingchun//5971_3.html
2020-02-06 15:35:50,082 logger.py[line:33] DEBUG: 编码为：GB2312
2020-02-06 15:35:51,403 logger.py[line:33] DEBUG: 请求地址：http://yhxz521.com/qingchun//5971_4.html
2020-02-06 15:35:51,554 logger.py[line:33] DEBUG: 编码为：GB2312
2020-02-06 15:35:53,646 logger.py[line:33] DEBUG: 请求地址：http://yhxz521.com/qingchun//5971_5.html
2020-02-06 15:35:53,811 logger.py[line:33] DEBUG: 编码为：GB2312
2020-02-06 15:35:57,375 logger.py[line:33] DEBUG: 请求地址：http://yhxz521.com/qingchun//5971_6.html
2020-02-06 15:35:57,522 logger.py[line:33] DEBUG: 编码为：GB2312
