2020-02-05 19:45:48,823 logger.py[line:34] DEBUG: 请求网站：http://yhxz521.com/
2020-02-05 19:46:47,186 logger.py[line:34] DEBUG: 请求网站：http://yhxz521.com/
2020-02-05 19:46:47,496 logger.py[line:34] DEBUG: 编码为：GB2312
2020-02-05 19:47:26,705 logger.py[line:34] DEBUG: 请求网站：http://yhxz521.com/
2020-02-05 19:47:27,010 logger.py[line:34] DEBUG: 编码为：GB2312
2020-02-05 19:47:27,015 logger.py[line:34] DEBUG: 分类list为：['/', '/qingchun/', '/xinggan/', '/siwa/', '/hanguo/', '/riben/', '/xiezhen/', '/a/jingpindongtai/', '/a/chengrenmanhua/', '/a/guochanzipai/', '/a/ziyuanxiazai/']
2020-02-05 19:48:22,636 logger.py[line:34] DEBUG: ***********开始爬取***********
2020-02-05 19:48:23,061 logger.py[line:34] DEBUG: 请求网站：http://yhxz521.com/
2020-02-05 19:48:23,383 logger.py[line:34] DEBUG: 编码为：GB2312
2020-02-05 19:48:23,390 logger.py[line:34] DEBUG: 分类list为：['/', '/qingchun/', '/xinggan/', '/siwa/', '/hanguo/', '/riben/', '/xiezhen/', '/a/jingpindongtai/', '/a/chengrenmanhua/', '/a/guochanzipai/', '/a/ziyuanxiazai/']
2020-02-05 19:57:05,844 logger.py[line:34] DEBUG: ***********开始爬取***********
2020-02-05 19:57:08,383 logger.py[line:34] DEBUG: 请求网站：http://yhxz521.com/
2020-02-05 19:57:08,777 logger.py[line:34] DEBUG: 编码为：GB2312
2020-02-05 19:57:08,783 logger.py[line:34] DEBUG: 分类list为：['/', '/qingchun/', '/xinggan/', '/siwa/', '/hanguo/', '/riben/', '/xiezhen/', '/a/jingpindongtai/', '/a/chengrenmanhua/', '/a/guochanzipai/', '/a/ziyuanxiazai/']
2020-02-05 19:57:11,739 logger.py[line:34] DEBUG: ***********开始爬取***********
2020-02-05 19:57:13,410 logger.py[line:34] DEBUG: 请求网站：http://yhxz521.com/
2020-02-05 19:57:13,756 logger.py[line:34] DEBUG: 编码为：GB2312
2020-02-05 19:57:13,762 logger.py[line:34] DEBUG: 分类list为：['/', '/qingchun/', '/xinggan/', '/siwa/', '/hanguo/', '/riben/', '/xiezhen/', '/a/jingpindongtai/', '/a/chengrenmanhua/', '/a/guochanzipai/', '/a/ziyuanxiazai/']
2020-02-05 19:57:32,805 logger.py[line:34] DEBUG: ***********开始爬取***********
2020-02-05 19:57:36,416 logger.py[line:34] DEBUG: 请求网站：http://yhxz521.com/
2020-02-05 19:57:36,790 logger.py[line:34] DEBUG: 编码为：GB2312
2020-02-05 19:57:36,798 logger.py[line:34] DEBUG: 分类list为：['/', '/qingchun/', '/xinggan/', '/siwa/', '/hanguo/', '/riben/', '/xiezhen/', '/a/jingpindongtai/', '/a/chengrenmanhua/', '/a/guochanzipai/', '/a/ziyuanxiazai/']
2020-02-05 19:57:56,612 logger.py[line:33] DEBUG: ***********开始爬取***********
2020-02-05 19:57:57,235 logger.py[line:33] DEBUG: 请求网站：http://yhxz521.com/
2020-02-05 19:57:57,554 logger.py[line:33] DEBUG: 编码为：GB2312
2020-02-05 19:57:57,559 logger.py[line:33] DEBUG: 分类list为：['/', '/qingchun/', '/xinggan/', '/siwa/', '/hanguo/', '/riben/', '/xiezhen/', '/a/jingpindongtai/', '/a/chengrenmanhua/', '/a/guochanzipai/', '/a/ziyuanxiazai/']
2020-02-05 19:58:49,327 logger.py[line:33] DEBUG: ***********开始爬取***********
2020-02-05 19:58:49,915 logger.py[line:33] DEBUG: 请求网站：http://yhxz521.com/
2020-02-05 19:58:50,264 logger.py[line:33] DEBUG: 编码为：GB2312
2020-02-05 19:58:50,269 logger.py[line:33] DEBUG: 分类list为：['/', '/qingchun/', '/xinggan/', '/siwa/', '/hanguo/', '/riben/', '/xiezhen/', '/a/jingpindongtai/', '/a/chengrenmanhua/', '/a/guochanzipai/', '/a/ziyuanxiazai/']
2020-02-05 19:59:31,412 logger.py[line:33] DEBUG: ***********开始爬取***********
2020-02-05 19:59:31,842 logger.py[line:33] DEBUG: 请求网站：http://yhxz521.com/
2020-02-05 19:59:32,145 logger.py[line:33] DEBUG: 编码为：GB2312
2020-02-05 19:59:32,152 logger.py[line:33] DEBUG: 分类list为：['/', '/qingchun/', '/xinggan/', '/siwa/', '/hanguo/', '/riben/', '/xiezhen/', '/a/jingpindongtai/', '/a/chengrenmanhua/', '/a/guochanzipai/', '/a/ziyuanxiazai/']
2020-02-05 19:59:49,105 logger.py[line:33] DEBUG: ***********开始爬取***********
2020-02-05 19:59:49,521 logger.py[line:33] DEBUG: 请求网站：http://yhxz521.com
2020-02-05 19:59:49,844 logger.py[line:33] DEBUG: 编码为：GB2312
2020-02-05 19:59:49,849 logger.py[line:33] DEBUG: 分类list为：['/', '/qingchun/', '/xinggan/', '/siwa/', '/hanguo/', '/riben/', '/xiezhen/', '/a/jingpindongtai/', '/a/chengrenmanhua/', '/a/guochanzipai/', '/a/ziyuanxiazai/']
2020-02-05 20:12:43,648 logger.py[line:33] DEBUG: ***********开始爬取***********
2020-02-05 20:12:44,182 logger.py[line:33] DEBUG: 请求网站：http://yhxz521.com
2020-02-05 20:12:44,531 logger.py[line:33] DEBUG: 编码为：GB2312
2020-02-05 20:12:44,536 logger.py[line:33] DEBUG: 分类list为：['/', '/qingchun/', '/xinggan/', '/siwa/', '/hanguo/', '/riben/', '/xiezhen/', '/a/jingpindongtai/', '/a/chengrenmanhua/', '/a/guochanzipai/', '/a/ziyuanxiazai/']
2020-02-05 20:12:44,537 logger.py[line:33] DEBUG: 请求分类url为：http://yhxz521.com/qingchun/
2020-02-05 20:13:12,519 logger.py[line:33] DEBUG: ***********开始爬取***********
2020-02-05 20:13:13,106 logger.py[line:33] DEBUG: 请求网站：http://yhxz521.com
2020-02-05 20:13:13,490 logger.py[line:33] DEBUG: 编码为：GB2312
2020-02-05 20:13:13,497 logger.py[line:33] DEBUG: 分类list为：['/', '/qingchun/', '/xinggan/', '/siwa/', '/hanguo/', '/riben/', '/xiezhen/', '/a/jingpindongtai/', '/a/chengrenmanhua/', '/a/guochanzipai/', '/a/ziyuanxiazai/']
2020-02-05 20:13:13,498 logger.py[line:33] DEBUG: 请求分类url为：http://yhxz521.com/qingchun/
2020-02-05 20:13:14,094 logger.py[line:33] DEBUG: 请求分类url为：http://yhxz521.com/xinggan/
2020-02-05 20:13:14,673 logger.py[line:33] DEBUG: 请求分类url为：http://yhxz521.com/siwa/
2020-02-05 20:13:16,278 logger.py[line:33] DEBUG: 请求分类url为：http://yhxz521.com/hanguo/
2020-02-05 20:13:32,972 logger.py[line:33] DEBUG: 请求分类url为：http://yhxz521.com/riben/
2020-02-05 20:13:33,589 logger.py[line:33] DEBUG: 请求分类url为：http://yhxz521.com/xiezhen/
2020-02-05 20:14:01,174 logger.py[line:33] DEBUG: ***********开始爬取***********
2020-02-05 20:14:02,597 logger.py[line:33] DEBUG: 请求网站：http://yhxz521.com
2020-02-05 20:14:02,905 logger.py[line:33] DEBUG: 编码为：GB2312
2020-02-05 20:14:02,912 logger.py[line:33] DEBUG: 分类list为：['/', '/qingchun/', '/xinggan/', '/siwa/', '/hanguo/', '/riben/', '/xiezhen/', '/a/jingpindongtai/', '/a/chengrenmanhua/', '/a/guochanzipai/', '/a/ziyuanxiazai/']
2020-02-05 20:14:02,914 logger.py[line:33] DEBUG: 请求分类url为：http://yhxz521.com/qingchun/
2020-02-05 20:14:03,964 logger.py[line:33] DEBUG: 请求分类url为：http://yhxz521.com/xinggan/
2020-02-05 20:14:07,548 logger.py[line:33] DEBUG: 请求分类url为：http://yhxz521.com/siwa/
2020-02-05 20:14:10,004 logger.py[line:33] DEBUG: 请求分类url为：http://yhxz521.com/hanguo/
2020-02-05 20:14:10,547 logger.py[line:33] DEBUG: 请求分类url为：http://yhxz521.com/riben/
2020-02-05 20:14:11,261 logger.py[line:33] DEBUG: 请求分类url为：http://yhxz521.com/xiezhen/
2020-02-05 20:18:58,217 logger.py[line:33] DEBUG: ***********开始爬取***********
2020-02-05 20:19:00,525 logger.py[line:33] DEBUG: 请求地址：http://yhxz521.com
2020-02-05 20:19:00,834 logger.py[line:33] DEBUG: 编码为：GB2312
2020-02-05 20:19:00,839 logger.py[line:33] DEBUG: 分类list为：['/', '/qingchun/', '/xinggan/', '/siwa/', '/hanguo/', '/riben/', '/xiezhen/', '/a/jingpindongtai/', '/a/chengrenmanhua/', '/a/guochanzipai/', '/a/ziyuanxiazai/']
2020-02-05 20:19:04,261 logger.py[line:33] DEBUG: 请求地址：http://yhxz521.com/qingchun/
2020-02-05 20:19:04,414 logger.py[line:33] DEBUG: 编码为：GB2312
2020-02-05 20:19:05,964 logger.py[line:33] DEBUG: 请求地址：http://yhxz521.com/xinggan/
2020-02-05 20:19:06,152 logger.py[line:33] DEBUG: 编码为：GB2312
2020-02-05 20:19:43,724 logger.py[line:33] DEBUG: ***********开始爬取***********
2020-02-05 20:19:47,938 logger.py[line:33] DEBUG: 请求地址：http://yhxz521.com
2020-02-05 20:19:48,260 logger.py[line:33] DEBUG: 编码为：GB2312
2020-02-05 20:19:48,266 logger.py[line:33] DEBUG: 分类list为：['/', '/qingchun/', '/xinggan/', '/siwa/', '/hanguo/', '/riben/', '/xiezhen/', '/a/jingpindongtai/', '/a/chengrenmanhua/', '/a/guochanzipai/', '/a/ziyuanxiazai/']
2020-02-05 20:19:49,839 logger.py[line:33] DEBUG: 请求地址：http://yhxz521.com/qingchun/
2020-02-05 20:19:49,991 logger.py[line:33] DEBUG: 编码为：GB2312
2020-02-05 20:19:59,808 logger.py[line:33] DEBUG: 请求地址：http://yhxz521.com/xinggan/
2020-02-05 20:19:59,981 logger.py[line:33] DEBUG: 编码为：GB2312
2020-02-05 20:20:06,549 logger.py[line:33] DEBUG: 请求地址：http://yhxz521.com/siwa/
2020-02-05 20:20:06,675 logger.py[line:33] DEBUG: 编码为：GB2312
2020-02-05 20:20:07,641 logger.py[line:33] DEBUG: 请求地址：http://yhxz521.com/hanguo/
2020-02-05 20:20:07,799 logger.py[line:33] DEBUG: 编码为：GB2312
2020-02-05 20:20:10,168 logger.py[line:33] DEBUG: 请求地址：http://yhxz521.com/riben/
2020-02-05 20:20:10,340 logger.py[line:33] DEBUG: 编码为：GB2312
2020-02-05 20:20:11,692 logger.py[line:33] DEBUG: 请求地址：http://yhxz521.com/xiezhen/
2020-02-05 20:20:11,826 logger.py[line:33] DEBUG: 编码为：GB2312
2020-02-05 20:20:58,376 logger.py[line:33] DEBUG: ***********开始爬取***********
2020-02-05 20:20:59,846 logger.py[line:33] DEBUG: 请求地址：http://yhxz521.com
2020-02-05 20:21:00,220 logger.py[line:33] DEBUG: 编码为：GB2312
2020-02-05 20:21:00,228 logger.py[line:33] DEBUG: 分类list为：['/', '/qingchun/', '/xinggan/', '/siwa/', '/hanguo/', '/riben/', '/xiezhen/', '/a/jingpindongtai/', '/a/chengrenmanhua/', '/a/guochanzipai/', '/a/ziyuanxiazai/']
2020-02-05 20:21:02,358 logger.py[line:33] DEBUG: 请求地址：http://yhxz521.com/qingchun/
2020-02-05 20:21:02,521 logger.py[line:33] DEBUG: 编码为：GB2312
2020-02-05 20:21:04,024 logger.py[line:33] DEBUG: 请求地址：http://yhxz521.com/qingchun/1_1.html
2020-02-05 20:21:04,172 logger.py[line:33] DEBUG: 编码为：GB2312
2020-02-05 20:21:36,289 logger.py[line:33] DEBUG: ***********开始爬取***********
2020-02-05 20:21:37,394 logger.py[line:33] DEBUG: 请求地址：http://yhxz521.com
2020-02-05 20:21:37,713 logger.py[line:33] DEBUG: 编码为：GB2312
2020-02-05 20:21:37,719 logger.py[line:33] DEBUG: 分类list为：['/', '/qingchun/', '/xinggan/', '/siwa/', '/hanguo/', '/riben/', '/xiezhen/', '/a/jingpindongtai/', '/a/chengrenmanhua/', '/a/guochanzipai/', '/a/ziyuanxiazai/']
2020-02-05 20:21:38,100 logger.py[line:33] DEBUG: 请求地址：http://yhxz521.com/qingchun/
2020-02-05 20:21:38,252 logger.py[line:33] DEBUG: 编码为：GB2312
2020-02-05 20:21:39,740 logger.py[line:33] DEBUG: 请求地址：http://yhxz521.com/qingchun/1_1.html
2020-02-05 20:21:39,923 logger.py[line:33] DEBUG: 编码为：GB2312
2020-02-05 20:21:41,441 logger.py[line:33] DEBUG: 请求地址：http://yhxz521.com/qingchun/1_2.html
2020-02-05 20:21:41,615 logger.py[line:33] DEBUG: 编码为：GB2312
2020-02-05 20:21:42,022 logger.py[line:33] DEBUG: 请求地址：http://yhxz521.com/qingchun/1_3.html
2020-02-05 20:21:42,177 logger.py[line:33] DEBUG: 编码为：GB2312
2020-02-05 20:23:58,028 logger.py[line:33] DEBUG: ***********开始爬取***********
2020-02-05 20:24:02,586 logger.py[line:33] DEBUG: 请求地址：http://yhxz521.com
2020-02-05 20:24:02,942 logger.py[line:33] DEBUG: 编码为：GB2312
2020-02-05 20:24:02,950 logger.py[line:33] DEBUG: 分类list为：['/', '/qingchun/', '/xinggan/', '/siwa/', '/hanguo/', '/riben/', '/xiezhen/', '/a/jingpindongtai/', '/a/chengrenmanhua/', '/a/guochanzipai/', '/a/ziyuanxiazai/']
2020-02-05 20:24:12,750 logger.py[line:33] DEBUG: 请求地址：http://yhxz521.com/qingchun/
2020-02-05 20:24:12,972 logger.py[line:33] DEBUG: 编码为：GB2312
2020-02-05 20:24:14,549 logger.py[line:33] DEBUG: 请求地址：http://yhxz521.com/qingchun/1_1.html
2020-02-05 20:24:14,719 logger.py[line:33] DEBUG: 编码为：GB2312
2020-02-05 20:24:15,136 logger.py[line:33] DEBUG: 请求地址：http://yhxz521.com/qingchun/1_2.html
2020-02-05 20:24:15,306 logger.py[line:33] DEBUG: 编码为：GB2312
2020-02-05 20:24:15,702 logger.py[line:33] DEBUG: 请求地址：http://yhxz521.com/qingchun/1_3.html
2020-02-05 20:24:15,876 logger.py[line:33] DEBUG: 编码为：GB2312
2020-02-05 20:24:17,481 logger.py[line:33] DEBUG: 请求地址：http://yhxz521.com/qingchun/1_4.html
2020-02-05 20:24:17,675 logger.py[line:33] DEBUG: 编码为：GB2312
2020-02-05 20:24:30,282 logger.py[line:33] DEBUG: 请求地址：http://yhxz521.com/qingchun/1_5.html
2020-02-05 20:24:30,484 logger.py[line:33] DEBUG: 编码为：GB2312
2020-02-05 20:24:32,878 logger.py[line:33] DEBUG: 请求地址：http://yhxz521.com/qingchun/1_6.html
2020-02-05 20:24:33,058 logger.py[line:33] DEBUG: 编码为：GB2312
2020-02-05 20:24:33,965 logger.py[line:33] DEBUG: 请求地址：http://yhxz521.com/qingchun/1_7.html
2020-02-05 20:24:34,238 logger.py[line:33] DEBUG: 编码为：GB2312
2020-02-05 20:24:47,286 logger.py[line:33] DEBUG: 请求地址：http://yhxz521.com/qingchun/1_8.html
2020-02-05 20:24:47,467 logger.py[line:33] DEBUG: 编码为：GB2312
2020-02-05 20:24:51,872 logger.py[line:33] DEBUG: 请求地址：http://yhxz521.com/qingchun/1_9.html
2020-02-05 20:24:52,046 logger.py[line:33] DEBUG: 编码为：GB2312
2020-02-05 20:24:52,617 logger.py[line:33] DEBUG: 请求地址：http://yhxz521.com/qingchun/1_10.html
2020-02-05 20:24:52,775 logger.py[line:33] DEBUG: 编码为：GB2312
2020-02-05 20:24:54,316 logger.py[line:33] DEBUG: 请求地址：http://yhxz521.com/qingchun/1_11.html
2020-02-05 20:24:54,471 logger.py[line:33] DEBUG: 编码为：GB2312
2020-02-05 20:24:57,892 logger.py[line:33] DEBUG: 请求地址：http://yhxz521.com/qingchun/1_12.html
2020-02-05 20:24:58,203 logger.py[line:33] DEBUG: 编码为：GB2312
2020-02-05 20:24:59,657 logger.py[line:33] DEBUG: 请求地址：http://yhxz521.com/qingchun/1_13.html
2020-02-05 20:24:59,816 logger.py[line:33] DEBUG: 编码为：GB2312
2020-02-05 20:25:01,385 logger.py[line:33] DEBUG: 请求地址：http://yhxz521.com/qingchun/1_14.html
2020-02-05 20:25:01,502 logger.py[line:33] DEBUG: 编码为：GB2312
2020-02-05 20:25:01,877 logger.py[line:33] DEBUG: 请求地址：http://yhxz521.com/qingchun/1_15.html
2020-02-05 20:25:01,989 logger.py[line:33] DEBUG: 编码为：GB2312
2020-02-05 20:25:08,595 logger.py[line:33] DEBUG: 请求地址：http://yhxz521.com/qingchun/1_16.html
2020-02-05 20:25:08,791 logger.py[line:33] DEBUG: 编码为：GB2312
2020-02-05 20:25:18,632 logger.py[line:33] DEBUG: 请求地址：http://yhxz521.com/qingchun/1_17.html
2020-02-05 20:25:18,805 logger.py[line:33] DEBUG: 编码为：GB2312
2020-02-05 20:25:20,161 logger.py[line:33] DEBUG: 请求地址：http://yhxz521.com/qingchun/1_18.html
2020-02-05 20:25:20,342 logger.py[line:33] DEBUG: 编码为：GB2312
2020-02-05 20:25:21,376 logger.py[line:33] DEBUG: 请求地址：http://yhxz521.com/qingchun/1_19.html
2020-02-05 20:25:21,556 logger.py[line:33] DEBUG: 编码为：GB2312
2020-02-05 20:25:21,956 logger.py[line:33] DEBUG: 请求地址：http://yhxz521.com/qingchun/1_20.html
2020-02-05 20:25:22,158 logger.py[line:33] DEBUG: 编码为：GB2312
2020-02-05 20:25:22,541 logger.py[line:33] DEBUG: 请求地址：http://yhxz521.com/qingchun/1_21.html
2020-02-05 20:25:22,649 logger.py[line:33] DEBUG: 编码为：GB2312
2020-02-05 20:25:23,227 logger.py[line:33] DEBUG: 请求地址：http://yhxz521.com/qingchun/1_22.html
2020-02-05 20:25:23,427 logger.py[line:33] DEBUG: 编码为：GB2312
2020-02-05 20:25:25,470 logger.py[line:33] DEBUG: 请求地址：http://yhxz521.com/qingchun/1_23.html
2020-02-05 20:25:25,631 logger.py[line:33] DEBUG: 编码为：GB2312
2020-02-05 20:25:27,017 logger.py[line:33] DEBUG: 请求地址：http://yhxz521.com/qingchun/1_24.html
2020-02-05 20:25:27,270 logger.py[line:33] DEBUG: 编码为：GB2312
2020-02-05 20:25:28,777 logger.py[line:33] DEBUG: 请求地址：http://yhxz521.com/qingchun/1_25.html
2020-02-05 20:25:28,937 logger.py[line:33] DEBUG: 编码为：GB2312
2020-02-05 20:25:29,312 logger.py[line:33] DEBUG: 请求地址：http://yhxz521.com/qingchun/1_26.html
2020-02-05 20:25:29,473 logger.py[line:33] DEBUG: 编码为：GB2312
2020-02-05 20:25:30,877 logger.py[line:33] DEBUG: 请求地址：http://yhxz521.com/qingchun/1_27.html
2020-02-05 20:25:31,043 logger.py[line:33] DEBUG: 编码为：GB2312
2020-02-05 20:25:31,409 logger.py[line:33] DEBUG: 请求地址：http://yhxz521.com/qingchun/1_28.html
2020-02-05 20:25:31,608 logger.py[line:33] DEBUG: 编码为：GB2312
2020-02-05 20:25:33,877 logger.py[line:33] DEBUG: 请求地址：http://yhxz521.com/qingchun/1_29.html
2020-02-05 20:25:34,014 logger.py[line:33] DEBUG: 编码为：GB2312
2020-02-05 20:27:32,104 logger.py[line:33] DEBUG: ***********开始爬取***********
2020-02-05 20:27:33,720 logger.py[line:33] DEBUG: 请求地址：http://yhxz521.com
2020-02-05 20:27:34,055 logger.py[line:33] DEBUG: 编码为：GB2312
2020-02-05 20:27:34,066 logger.py[line:33] DEBUG: 分类list为：['/', '/qingchun/', '/xinggan/', '/siwa/', '/hanguo/', '/riben/', '/xiezhen/', '/a/jingpindongtai/', '/a/chengrenmanhua/', '/a/guochanzipai/', '/a/ziyuanxiazai/']
2020-02-05 20:27:37,299 logger.py[line:33] DEBUG: 请求地址：http://yhxz521.com/qingchun/
2020-02-05 20:27:37,465 logger.py[line:33] DEBUG: 编码为：GB2312
2020-02-05 20:27:44,053 logger.py[line:33] DEBUG: 请求地址：http://yhxz521.com/qingchun/1_1.html
2020-02-05 20:27:44,211 logger.py[line:33] DEBUG: 编码为：GB2312
2020-02-05 20:27:47,628 logger.py[line:33] DEBUG: 请求地址：http://yhxz521.com/qingchun/1_2.html
2020-02-05 20:27:47,794 logger.py[line:33] DEBUG: 编码为：GB2312
2020-02-05 20:27:48,212 logger.py[line:33] DEBUG: 请求地址：http://yhxz521.com/qingchun/1_3.html
2020-02-05 20:27:48,375 logger.py[line:33] DEBUG: 编码为：GB2312
2020-02-05 20:27:50,093 logger.py[line:33] DEBUG: 请求地址：http://yhxz521.com/qingchun/1_4.html
2020-02-05 20:27:50,279 logger.py[line:33] DEBUG: 编码为：GB2312
2020-02-05 20:29:52,461 logger.py[line:33] DEBUG: ***********开始爬取***********
2020-02-05 20:29:56,659 logger.py[line:33] DEBUG: 请求地址：http://yhxz521.com
2020-02-05 20:29:56,966 logger.py[line:33] DEBUG: 编码为：GB2312
2020-02-05 20:29:56,972 logger.py[line:33] DEBUG: 分类list为：['/', '/qingchun/', '/xinggan/', '/siwa/', '/hanguo/', '/riben/', '/xiezhen/', '/a/jingpindongtai/', '/a/chengrenmanhua/', '/a/guochanzipai/', '/a/ziyuanxiazai/']
2020-02-05 20:29:58,395 logger.py[line:33] DEBUG: 请求地址：http://yhxz521.com/qingchun/
2020-02-05 20:29:58,560 logger.py[line:33] DEBUG: 编码为：GB2312
2020-02-05 20:29:58,967 logger.py[line:33] DEBUG: 请求地址：http://yhxz521.com/qingchun/1_1.html
2020-02-05 20:29:59,127 logger.py[line:33] DEBUG: 编码为：GB2312
2020-02-05 20:29:59,550 logger.py[line:33] DEBUG: 请求地址：http://yhxz521.com/qingchun/1_2.html
2020-02-05 20:29:59,725 logger.py[line:33] DEBUG: 编码为：GB2312
2020-02-05 20:30:00,133 logger.py[line:33] DEBUG: 请求地址：http://yhxz521.com/qingchun/1_3.html
2020-02-05 20:30:00,295 logger.py[line:33] DEBUG: 编码为：GB2312
2020-02-05 20:30:03,978 logger.py[line:33] DEBUG: 请求地址：http://yhxz521.com/qingchun/1_4.html
2020-02-05 20:30:04,164 logger.py[line:33] DEBUG: 编码为：GB2312
2020-02-05 20:41:09,923 logger.py[line:33] DEBUG: ***********开始爬取***********
2020-02-05 20:41:11,223 logger.py[line:33] DEBUG: 请求地址：http://yhxz521.com
2020-02-05 20:41:12,197 logger.py[line:33] DEBUG: 编码为：GB2312
2020-02-05 20:41:12,205 logger.py[line:33] DEBUG: 分类list为：['/', '/qingchun/', '/xinggan/', '/siwa/', '/hanguo/', '/riben/', '/xiezhen/', '/a/jingpindongtai/', '/a/chengrenmanhua/', '/a/guochanzipai/', '/a/ziyuanxiazai/']
2020-02-05 20:41:13,987 logger.py[line:33] DEBUG: 请求地址：http://yhxz521.com/qingchun/
2020-02-05 20:41:14,163 logger.py[line:33] DEBUG: 编码为：GB2312
2020-02-05 20:41:15,628 logger.py[line:33] DEBUG: 请求地址：http://yhxz521.com/qingchun/1_1.html
2020-02-05 20:41:15,803 logger.py[line:33] DEBUG: 编码为：GB2312
2020-02-05 20:41:16,222 logger.py[line:33] DEBUG: 请求地址：http://yhxz521.com/qingchun/5971.html
2020-02-05 20:41:16,387 logger.py[line:33] DEBUG: 编码为：GB2312
2020-02-05 20:41:56,699 logger.py[line:33] DEBUG: ***********开始爬取***********
2020-02-05 20:41:57,306 logger.py[line:33] DEBUG: 请求地址：http://yhxz521.com
2020-02-05 20:41:57,693 logger.py[line:33] DEBUG: 编码为：GB2312
2020-02-05 20:41:57,700 logger.py[line:33] DEBUG: 分类list为：['/', '/qingchun/', '/xinggan/', '/siwa/', '/hanguo/', '/riben/', '/xiezhen/', '/a/jingpindongtai/', '/a/chengrenmanhua/', '/a/guochanzipai/', '/a/ziyuanxiazai/']
2020-02-05 20:42:02,569 logger.py[line:33] DEBUG: 请求地址：http://yhxz521.com/qingchun/
2020-02-05 20:42:02,756 logger.py[line:33] DEBUG: 编码为：GB2312
2020-02-05 20:42:03,158 logger.py[line:33] DEBUG: 请求地址：http://yhxz521.com/qingchun/1_1.html
2020-02-05 20:42:03,360 logger.py[line:33] DEBUG: 编码为：GB2312
2020-02-05 20:42:15,994 logger.py[line:33] DEBUG: 请求地址：http://yhxz521.com/qingchun/5971.html
2020-02-05 20:42:16,358 logger.py[line:33] DEBUG: 编码为：GB2312
2020-02-05 20:42:17,810 logger.py[line:33] DEBUG: 请求地址：http://yhxz521.com/qingchun/5970.html
2020-02-05 20:42:18,041 logger.py[line:33] DEBUG: 编码为：GB2312
2020-02-05 20:42:24,624 logger.py[line:33] DEBUG: 请求地址：http://yhxz521.com/qingchun/5969.html
2020-02-05 20:42:24,868 logger.py[line:33] DEBUG: 编码为：GB2312
2020-02-05 20:42:27,458 logger.py[line:33] DEBUG: 请求地址：http://yhxz521.com/qingchun/5968.html
2020-02-05 20:42:27,671 logger.py[line:33] DEBUG: 编码为：GB2312
2020-02-05 20:42:28,097 logger.py[line:33] DEBUG: 请求地址：http://yhxz521.com/qingchun/5967.html
2020-02-05 20:42:28,311 logger.py[line:33] DEBUG: 编码为：GB2312
2020-02-05 20:42:30,635 logger.py[line:33] DEBUG: 请求地址：http://yhxz521.com/qingchun/5966.html
2020-02-05 20:42:30,802 logger.py[line:33] DEBUG: 编码为：GB2312
2020-02-05 20:42:31,756 logger.py[line:33] DEBUG: 请求地址：http://yhxz521.com/qingchun/5965.html
2020-02-05 20:42:31,986 logger.py[line:33] DEBUG: 编码为：GB2312
2020-02-05 20:45:19,086 logger.py[line:33] DEBUG: ***********开始爬取***********
2020-02-05 20:45:20,238 logger.py[line:33] DEBUG: 请求地址：http://yhxz521.com
2020-02-05 20:45:20,597 logger.py[line:33] DEBUG: 编码为：GB2312
2020-02-05 20:45:20,603 logger.py[line:33] DEBUG: 分类list为：['/', '/qingchun/', '/xinggan/', '/siwa/', '/hanguo/', '/riben/', '/xiezhen/', '/a/jingpindongtai/', '/a/chengrenmanhua/', '/a/guochanzipai/', '/a/ziyuanxiazai/']
2020-02-05 20:45:24,004 logger.py[line:33] DEBUG: 请求地址：http://yhxz521.com/qingchun/
2020-02-05 20:45:24,352 logger.py[line:33] DEBUG: 编码为：GB2312
2020-02-05 20:45:27,764 logger.py[line:33] DEBUG: 请求地址：http://yhxz521.com/qingchun/1_1.html
2020-02-05 20:45:27,960 logger.py[line:33] DEBUG: 编码为：GB2312
2020-02-05 20:45:30,391 logger.py[line:33] DEBUG: 请求地址：http://yhxz521.com/qingchun/5971.html
2020-02-05 20:45:30,634 logger.py[line:33] DEBUG: 编码为：GB2312
2020-02-05 20:45:44,507 logger.py[line:33] DEBUG: ***********开始爬取***********
2020-02-05 20:45:52,845 logger.py[line:33] DEBUG: 请求地址：http://yhxz521.com
2020-02-05 20:45:53,241 logger.py[line:33] DEBUG: 编码为：GB2312
2020-02-05 20:45:53,248 logger.py[line:33] DEBUG: 分类list为：['/', '/qingchun/', '/xinggan/', '/siwa/', '/hanguo/', '/riben/', '/xiezhen/', '/a/jingpindongtai/', '/a/chengrenmanhua/', '/a/guochanzipai/', '/a/ziyuanxiazai/']
2020-02-05 20:45:54,753 logger.py[line:33] DEBUG: 请求地址：http://yhxz521.com/qingchun/
2020-02-05 20:45:54,944 logger.py[line:33] DEBUG: 编码为：GB2312
2020-02-05 20:45:56,378 logger.py[line:33] DEBUG: 请求地址：http://yhxz521.com/qingchun/1_1.html
2020-02-05 20:45:56,547 logger.py[line:33] DEBUG: 编码为：GB2312
2020-02-05 20:46:07,039 logger.py[line:33] DEBUG: 请求地址：http://yhxz521.com/qingchun/5971.html
2020-02-05 20:46:07,222 logger.py[line:33] DEBUG: 编码为：GB2312
2020-02-05 20:48:27,937 logger.py[line:33] DEBUG: ***********开始爬取***********
2020-02-05 20:48:29,369 logger.py[line:33] DEBUG: 请求地址：http://yhxz521.com
2020-02-05 20:48:29,732 logger.py[line:33] DEBUG: 编码为：GB2312
2020-02-05 20:48:29,737 logger.py[line:33] DEBUG: 分类list为：['/', '/qingchun/', '/xinggan/', '/siwa/', '/hanguo/', '/riben/', '/xiezhen/', '/a/jingpindongtai/', '/a/chengrenmanhua/', '/a/guochanzipai/', '/a/ziyuanxiazai/']
2020-02-05 20:48:30,776 logger.py[line:33] DEBUG: 请求地址：http://yhxz521.com/qingchun/
2020-02-05 20:48:30,957 logger.py[line:33] DEBUG: 编码为：GB2312
2020-02-05 20:48:31,377 logger.py[line:33] DEBUG: 请求地址：http://yhxz521.com/qingchun/1_1.html
2020-02-05 20:48:31,556 logger.py[line:33] DEBUG: 编码为：GB2312
2020-02-05 20:49:16,270 logger.py[line:33] DEBUG: ***********开始爬取***********
2020-02-05 20:49:16,659 logger.py[line:33] DEBUG: 请求地址：http://yhxz521.com
2020-02-05 20:49:17,009 logger.py[line:33] DEBUG: 编码为：GB2312
2020-02-05 20:49:17,015 logger.py[line:33] DEBUG: 分类list为：['/', '/qingchun/', '/xinggan/', '/siwa/', '/hanguo/', '/riben/', '/xiezhen/', '/a/jingpindongtai/', '/a/chengrenmanhua/', '/a/guochanzipai/', '/a/ziyuanxiazai/']
2020-02-05 20:49:18,164 logger.py[line:33] DEBUG: 请求地址：http://yhxz521.com/qingchun/
2020-02-05 20:49:18,380 logger.py[line:33] DEBUG: 编码为：GB2312
2020-02-05 20:49:21,813 logger.py[line:33] DEBUG: 请求地址：http://yhxz521.com/qingchun/1_1.html
2020-02-05 20:49:22,015 logger.py[line:33] DEBUG: 编码为：GB2312
2020-02-05 20:49:22,410 logger.py[line:33] DEBUG: 请求地址：http://yhxz521.com/qingchun/5971.html
2020-02-05 20:49:22,590 logger.py[line:33] DEBUG: 编码为：GB2312
2020-02-05 20:49:25,987 logger.py[line:33] DEBUG: 请求地址：http://yhxz521.com/5971_3.html
2020-02-05 20:49:26,007 logger.py[line:33] DEBUG: 编码为：GB2312
2020-02-05 20:49:26,386 logger.py[line:33] DEBUG: 请求地址：http://yhxz521.com/5971_4.html
2020-02-05 20:49:26,409 logger.py[line:33] DEBUG: 编码为：GB2312
2020-02-05 20:49:35,797 logger.py[line:33] DEBUG: 请求地址：http://yhxz521.com/5971_5.html
2020-02-05 20:49:35,820 logger.py[line:33] DEBUG: 编码为：GB2312
2020-02-05 20:49:39,211 logger.py[line:33] DEBUG: 请求地址：http://yhxz521.com/5971_6.html
2020-02-05 20:49:39,237 logger.py[line:33] DEBUG: 编码为：GB2312
2020-02-05 20:49:39,626 logger.py[line:33] DEBUG: 请求地址：http://yhxz521.com/5971_7.html
2020-02-05 20:49:39,662 logger.py[line:33] DEBUG: 编码为：GB2312
2020-02-05 20:49:40,043 logger.py[line:33] DEBUG: 请求地址：http://yhxz521.com/5971_8.html
2020-02-05 20:49:40,077 logger.py[line:33] DEBUG: 编码为：GB2312
2020-02-05 20:49:40,460 logger.py[line:33] DEBUG: 请求地址：http://yhxz521.com/5971_9.html
2020-02-05 20:49:40,493 logger.py[line:33] DEBUG: 编码为：GB2312
2020-02-05 20:49:50,415 logger.py[line:33] DEBUG: ***********开始爬取***********
2020-02-05 20:49:54,842 logger.py[line:33] DEBUG: 请求地址：http://yhxz521.com
2020-02-05 20:49:55,186 logger.py[line:33] DEBUG: 编码为：GB2312
2020-02-05 20:49:55,195 logger.py[line:33] DEBUG: 分类list为：['/', '/qingchun/', '/xinggan/', '/siwa/', '/hanguo/', '/riben/', '/xiezhen/', '/a/jingpindongtai/', '/a/chengrenmanhua/', '/a/guochanzipai/', '/a/ziyuanxiazai/']
2020-02-05 20:49:55,590 logger.py[line:33] DEBUG: 请求地址：http://yhxz521.com/qingchun/
2020-02-05 20:49:55,752 logger.py[line:33] DEBUG: 编码为：GB2312
2020-02-05 20:49:56,197 logger.py[line:33] DEBUG: 请求地址：http://yhxz521.com/qingchun/1_1.html
2020-02-05 20:49:56,405 logger.py[line:33] DEBUG: 编码为：GB2312
2020-02-05 20:50:03,040 logger.py[line:33] DEBUG: 请求地址：http://yhxz521.com/qingchun/5971.html
2020-02-05 20:50:03,234 logger.py[line:33] DEBUG: 编码为：GB2312
2020-02-05 20:50:03,614 logger.py[line:33] DEBUG: 请求地址：http://yhxz521.com/5971_2.html
2020-02-05 20:50:03,637 logger.py[line:33] DEBUG: 编码为：GB2312
2020-02-05 20:50:04,016 logger.py[line:33] DEBUG: 请求地址：http://yhxz521.com/5971_3.html
2020-02-05 20:50:04,038 logger.py[line:33] DEBUG: 编码为：GB2312
2020-02-05 20:50:07,407 logger.py[line:33] DEBUG: 请求地址：http://yhxz521.com/5971_4.html
2020-02-05 20:50:07,428 logger.py[line:33] DEBUG: 编码为：GB2312
2020-02-05 20:50:10,797 logger.py[line:33] DEBUG: 请求地址：http://yhxz521.com/5971_5.html
2020-02-05 20:50:10,820 logger.py[line:33] DEBUG: 编码为：GB2312
2020-02-05 20:50:11,208 logger.py[line:33] DEBUG: 请求地址：http://yhxz521.com/5971_6.html
2020-02-05 20:50:11,227 logger.py[line:33] DEBUG: 编码为：GB2312
2020-02-05 20:50:14,618 logger.py[line:33] DEBUG: 请求地址：http://yhxz521.com/5971_7.html
2020-02-05 20:50:14,640 logger.py[line:33] DEBUG: 编码为：GB2312
2020-02-05 20:50:15,014 logger.py[line:33] DEBUG: 请求地址：http://yhxz521.com/5971_8.html
2020-02-05 20:50:15,047 logger.py[line:33] DEBUG: 编码为：GB2312
2020-02-05 20:50:24,619 logger.py[line:33] DEBUG: 请求地址：http://yhxz521.com/5971_9.html
2020-02-05 20:50:24,643 logger.py[line:33] DEBUG: 编码为：GB2312
2020-02-05 20:50:25,028 logger.py[line:33] DEBUG: 请求地址：http://yhxz521.com/5971_10.html
2020-02-05 20:50:25,055 logger.py[line:33] DEBUG: 编码为：GB2312
2020-02-05 20:50:25,436 logger.py[line:33] DEBUG: 请求地址：http://yhxz521.com/5971_11.html
2020-02-05 20:50:25,460 logger.py[line:33] DEBUG: 编码为：GB2312
2020-02-05 20:50:25,839 logger.py[line:33] DEBUG: 请求地址：http://yhxz521.com/5971_12.html
2020-02-05 20:50:25,861 logger.py[line:33] DEBUG: 编码为：GB2312
2020-02-05 20:50:26,246 logger.py[line:33] DEBUG: 请求地址：http://yhxz521.com/5971_13.html
2020-02-05 20:50:26,270 logger.py[line:33] DEBUG: 编码为：GB2312
2020-02-05 20:50:27,104 logger.py[line:33] DEBUG: 请求地址：http://yhxz521.com/5971_14.html
2020-02-05 20:50:27,135 logger.py[line:33] DEBUG: 编码为：GB2312
2020-02-05 20:50:30,712 logger.py[line:33] DEBUG: 请求地址：http://yhxz521.com/5971_15.html
2020-02-05 20:50:30,733 logger.py[line:33] DEBUG: 编码为：GB2312
2020-02-05 20:50:31,129 logger.py[line:33] DEBUG: 请求地址：http://yhxz521.com/5971_16.html
2020-02-05 20:50:31,160 logger.py[line:33] DEBUG: 编码为：GB2312
2020-02-05 20:50:32,011 logger.py[line:33] DEBUG: 请求地址：http://yhxz521.com/5971_17.html
2020-02-05 20:50:32,035 logger.py[line:33] DEBUG: 编码为：GB2312
2020-02-05 20:50:32,412 logger.py[line:33] DEBUG: 请求地址：http://yhxz521.com/5971_18.html
2020-02-05 20:50:32,444 logger.py[line:33] DEBUG: 编码为：GB2312
2020-02-05 20:50:32,810 logger.py[line:33] DEBUG: 请求地址：http://yhxz521.com/5971_19.html
2020-02-05 20:50:32,849 logger.py[line:33] DEBUG: 编码为：GB2312
2020-02-05 20:50:33,217 logger.py[line:33] DEBUG: 请求地址：http://yhxz521.com/5971_20.html
2020-02-05 20:50:33,237 logger.py[line:33] DEBUG: 编码为：GB2312
2020-02-05 20:50:33,621 logger.py[line:33] DEBUG: 请求地址：http://yhxz521.com/5971_2.html
2020-02-05 20:50:33,659 logger.py[line:33] DEBUG: 编码为：GB2312
2020-02-05 20:50:34,610 logger.py[line:33] DEBUG: 请求地址：http://yhxz521.com/qingchun/5970.html
2020-02-05 20:50:34,868 logger.py[line:33] DEBUG: 编码为：GB2312
2020-02-05 20:50:35,251 logger.py[line:33] DEBUG: 请求地址：http://yhxz521.com/5970_2.html
2020-02-05 20:50:35,277 logger.py[line:33] DEBUG: 编码为：GB2312
2020-02-05 20:50:36,117 logger.py[line:33] DEBUG: 请求地址：http://yhxz521.com/5970_3.html
2020-02-05 20:50:36,137 logger.py[line:33] DEBUG: 编码为：GB2312
2020-02-05 20:50:36,511 logger.py[line:33] DEBUG: 请求地址：http://yhxz521.com/5970_4.html
2020-02-05 20:50:36,542 logger.py[line:33] DEBUG: 编码为：GB2312
2020-02-05 20:50:36,924 logger.py[line:33] DEBUG: 请求地址：http://yhxz521.com/5970_5.html
2020-02-05 20:50:36,954 logger.py[line:33] DEBUG: 编码为：GB2312
2020-02-05 20:50:38,369 logger.py[line:33] DEBUG: 请求地址：http://yhxz521.com/5970_6.html
2020-02-05 20:50:38,389 logger.py[line:33] DEBUG: 编码为：GB2312
2020-02-05 20:50:38,754 logger.py[line:33] DEBUG: 请求地址：http://yhxz521.com/5970_7.html
2020-02-05 20:50:38,783 logger.py[line:33] DEBUG: 编码为：GB2312
2020-02-05 20:50:39,633 logger.py[line:33] DEBUG: 请求地址：http://yhxz521.com/5970_8.html
2020-02-05 20:50:39,664 logger.py[line:33] DEBUG: 编码为：GB2312
2020-02-05 20:50:40,041 logger.py[line:33] DEBUG: 请求地址：http://yhxz521.com/5970_9.html
2020-02-05 20:50:40,076 logger.py[line:33] DEBUG: 编码为：GB2312
2020-02-05 20:50:43,484 logger.py[line:33] DEBUG: 请求地址：http://yhxz521.com/5970_10.html
2020-02-05 20:50:43,510 logger.py[line:33] DEBUG: 编码为：GB2312
2020-02-05 20:50:46,875 logger.py[line:33] DEBUG: 请求地址：http://yhxz521.com/5970_11.html
2020-02-05 20:50:46,899 logger.py[line:33] DEBUG: 编码为：GB2312
2020-02-05 20:50:47,264 logger.py[line:33] DEBUG: 请求地址：http://yhxz521.com/5970_12.html
2020-02-05 20:50:47,283 logger.py[line:33] DEBUG: 编码为：GB2312
2020-02-05 20:50:47,657 logger.py[line:33] DEBUG: 请求地址：http://yhxz521.com/5970_13.html
2020-02-05 20:50:47,687 logger.py[line:33] DEBUG: 编码为：GB2312
2020-02-05 20:53:17,640 logger.py[line:33] DEBUG: ***********开始爬取***********
2020-02-05 20:53:21,849 logger.py[line:33] DEBUG: 请求地址：http://yhxz521.com
2020-02-05 20:53:22,183 logger.py[line:33] DEBUG: 编码为：GB2312
2020-02-05 20:53:22,189 logger.py[line:33] DEBUG: 分类list为：['/', '/qingchun/', '/xinggan/', '/siwa/', '/hanguo/', '/riben/', '/xiezhen/', '/a/jingpindongtai/', '/a/chengrenmanhua/', '/a/guochanzipai/', '/a/ziyuanxiazai/']
2020-02-05 20:53:25,602 logger.py[line:33] DEBUG: 请求地址：http://yhxz521.com/qingchun/
2020-02-05 20:53:25,761 logger.py[line:33] DEBUG: 编码为：GB2312
2020-02-05 20:53:27,291 logger.py[line:33] DEBUG: 请求地址：http://yhxz521.com/qingchun/1_1.html
2020-02-05 20:53:27,442 logger.py[line:33] DEBUG: 编码为：GB2312
2020-02-05 20:53:28,039 logger.py[line:33] DEBUG: 请求地址：http://yhxz521.com/qingchun/5971.html
2020-02-05 20:53:28,209 logger.py[line:33] DEBUG: 编码为：GB2312
2020-02-05 20:53:28,595 logger.py[line:33] DEBUG: 请求地址：http://yhxz521.com/5971_2.html
2020-02-05 20:53:28,624 logger.py[line:33] DEBUG: 编码为：GB2312
2020-02-05 20:53:30,151 logger.py[line:33] DEBUG: 请求地址：http://yhxz521.com/5971_3.html
2020-02-05 20:53:30,180 logger.py[line:33] DEBUG: 编码为：GB2312
2020-02-05 20:53:31,012 logger.py[line:33] DEBUG: 请求地址：http://yhxz521.com/5971_4.html
2020-02-05 20:53:31,034 logger.py[line:33] DEBUG: 编码为：GB2312
2020-02-05 20:53:31,423 logger.py[line:33] DEBUG: 请求地址：http://yhxz521.com/5971_5.html
2020-02-05 20:53:31,443 logger.py[line:33] DEBUG: 编码为：GB2312
2020-02-05 20:53:31,815 logger.py[line:33] DEBUG: 请求地址：http://yhxz521.com/5971_6.html
2020-02-05 20:53:31,837 logger.py[line:33] DEBUG: 编码为：GB2312
2020-02-05 20:53:32,200 logger.py[line:33] DEBUG: 请求地址：http://yhxz521.com/5971_7.html
2020-02-05 20:53:32,221 logger.py[line:33] DEBUG: 编码为：GB2312
2020-02-05 20:53:32,587 logger.py[line:33] DEBUG: 请求地址：http://yhxz521.com/5971_8.html
2020-02-05 20:53:32,619 logger.py[line:33] DEBUG: 编码为：GB2312
2020-02-05 20:53:32,997 logger.py[line:33] DEBUG: 请求地址：http://yhxz521.com/5971_9.html
2020-02-05 20:53:33,019 logger.py[line:33] DEBUG: 编码为：GB2312
2020-02-05 20:53:33,391 logger.py[line:33] DEBUG: 请求地址：http://yhxz521.com/5971_10.html
2020-02-05 20:53:33,411 logger.py[line:33] DEBUG: 编码为：GB2312
2020-02-05 20:53:33,775 logger.py[line:33] DEBUG: 请求地址：http://yhxz521.com/5971_11.html
2020-02-05 20:53:33,799 logger.py[line:33] DEBUG: 编码为：GB2312
2020-02-05 20:53:34,184 logger.py[line:33] DEBUG: 请求地址：http://yhxz521.com/5971_12.html
2020-02-05 20:53:34,220 logger.py[line:33] DEBUG: 编码为：GB2312
2020-02-05 20:53:34,604 logger.py[line:33] DEBUG: 请求地址：http://yhxz521.com/5971_13.html
2020-02-05 20:53:34,636 logger.py[line:33] DEBUG: 编码为：GB2312
2020-02-05 20:53:35,018 logger.py[line:33] DEBUG: 请求地址：http://yhxz521.com/5971_14.html
2020-02-05 20:53:35,040 logger.py[line:33] DEBUG: 编码为：GB2312
2020-02-05 20:53:35,428 logger.py[line:33] DEBUG: 请求地址：http://yhxz521.com/5971_15.html
2020-02-05 20:53:35,449 logger.py[line:33] DEBUG: 编码为：GB2312
2020-02-05 20:53:38,839 logger.py[line:33] DEBUG: 请求地址：http://yhxz521.com/5971_16.html
2020-02-05 20:53:38,876 logger.py[line:33] DEBUG: 编码为：GB2312
2020-02-05 20:53:42,277 logger.py[line:33] DEBUG: 请求地址：http://yhxz521.com/5971_17.html
2020-02-05 20:53:42,308 logger.py[line:33] DEBUG: 编码为：GB2312
2020-02-05 20:53:42,714 logger.py[line:33] DEBUG: 请求地址：http://yhxz521.com/5971_18.html
2020-02-05 20:53:42,747 logger.py[line:33] DEBUG: 编码为：GB2312
2020-02-05 20:53:43,608 logger.py[line:33] DEBUG: 请求地址：http://yhxz521.com/5971_19.html
2020-02-05 20:53:43,634 logger.py[line:33] DEBUG: 编码为：GB2312
2020-02-05 20:53:44,015 logger.py[line:33] DEBUG: 请求地址：http://yhxz521.com/5971_20.html
2020-02-05 20:53:44,040 logger.py[line:33] DEBUG: 编码为：GB2312
2020-02-05 20:53:44,447 logger.py[line:33] DEBUG: 请求地址：http://yhxz521.com/5971_2.html
2020-02-05 20:53:44,470 logger.py[line:33] DEBUG: 编码为：GB2312
2020-02-05 20:53:46,134 logger.py[line:33] DEBUG: 请求地址：http://yhxz521.com/qingchun/5970.html
2020-02-05 20:53:46,337 logger.py[line:33] DEBUG: 编码为：GB2312
2020-02-05 20:53:46,721 logger.py[line:33] DEBUG: 请求地址：http://yhxz521.com/5970_2.html
2020-02-05 20:53:46,741 logger.py[line:33] DEBUG: 编码为：GB2312
2020-02-05 20:53:47,765 logger.py[line:33] DEBUG: 请求地址：http://yhxz521.com/5970_3.html
2020-02-05 20:53:47,785 logger.py[line:33] DEBUG: 编码为：GB2312
2020-02-05 20:53:48,189 logger.py[line:33] DEBUG: 请求地址：http://yhxz521.com/5970_4.html
2020-02-05 20:53:48,211 logger.py[line:33] DEBUG: 编码为：GB2312
2020-02-05 20:53:57,599 logger.py[line:33] DEBUG: 请求地址：http://yhxz521.com/5970_5.html
2020-02-05 20:53:57,624 logger.py[line:33] DEBUG: 编码为：GB2312
2020-02-05 20:53:58,456 logger.py[line:33] DEBUG: 请求地址：http://yhxz521.com/5970_6.html
2020-02-05 20:53:58,483 logger.py[line:33] DEBUG: 编码为：GB2312
2020-02-05 20:53:58,885 logger.py[line:33] DEBUG: 请求地址：http://yhxz521.com/5970_7.html
2020-02-05 20:53:58,917 logger.py[line:33] DEBUG: 编码为：GB2312
2020-02-05 20:53:59,295 logger.py[line:33] DEBUG: 请求地址：http://yhxz521.com/5970_8.html
2020-02-05 20:53:59,315 logger.py[line:33] DEBUG: 编码为：GB2312
2020-02-05 20:53:59,681 logger.py[line:33] DEBUG: 请求地址：http://yhxz521.com/5970_9.html
2020-02-05 20:53:59,709 logger.py[line:33] DEBUG: 编码为：GB2312
2020-02-05 20:54:00,532 logger.py[line:33] DEBUG: 请求地址：http://yhxz521.com/5970_10.html
2020-02-05 20:54:00,566 logger.py[line:33] DEBUG: 编码为：GB2312
2020-02-05 20:54:03,016 logger.py[line:33] DEBUG: 请求地址：http://yhxz521.com/5970_11.html
2020-02-05 20:54:03,039 logger.py[line:33] DEBUG: 编码为：GB2312
2020-02-05 20:54:03,441 logger.py[line:33] DEBUG: 请求地址：http://yhxz521.com/5970_12.html
2020-02-05 20:54:03,465 logger.py[line:33] DEBUG: 编码为：GB2312
2020-02-05 20:54:07,049 logger.py[line:33] DEBUG: 请求地址：http://yhxz521.com/5970_13.html
2020-02-05 20:54:07,073 logger.py[line:33] DEBUG: 编码为：GB2312
2020-02-05 20:54:10,482 logger.py[line:33] DEBUG: 请求地址：http://yhxz521.com/5970_14.html
2020-02-05 20:54:10,507 logger.py[line:33] DEBUG: 编码为：GB2312
2020-02-05 20:54:14,096 logger.py[line:33] DEBUG: 请求地址：http://yhxz521.com/5970_15.html
2020-02-05 20:54:14,117 logger.py[line:33] DEBUG: 编码为：GB2312
2020-02-05 20:54:17,529 logger.py[line:33] DEBUG: 请求地址：http://yhxz521.com/5970_16.html
2020-02-05 20:54:17,550 logger.py[line:33] DEBUG: 编码为：GB2312
2020-02-05 20:54:18,442 logger.py[line:33] DEBUG: 请求地址：http://yhxz521.com/5970_17.html
2020-02-05 20:54:18,464 logger.py[line:33] DEBUG: 编码为：GB2312
2020-02-05 20:54:18,834 logger.py[line:33] DEBUG: 请求地址：http://yhxz521.com/5970_18.html
2020-02-05 20:54:18,860 logger.py[line:33] DEBUG: 编码为：GB2312
2020-02-05 20:54:19,258 logger.py[line:33] DEBUG: 请求地址：http://yhxz521.com/5970_19.html
2020-02-05 20:54:19,280 logger.py[line:33] DEBUG: 编码为：GB2312
2020-02-05 20:54:19,706 logger.py[line:33] DEBUG: 请求地址：http://yhxz521.com/5970_20.html
2020-02-05 20:54:19,726 logger.py[line:33] DEBUG: 编码为：GB2312
2020-02-05 20:54:23,140 logger.py[line:33] DEBUG: 请求地址：http://yhxz521.com/5970_2.html
2020-02-05 20:54:23,170 logger.py[line:33] DEBUG: 编码为：GB2312
2020-02-05 20:54:33,789 logger.py[line:33] DEBUG: 请求地址：http://yhxz521.com/qingchun/5969.html
2020-02-05 20:54:33,994 logger.py[line:33] DEBUG: 编码为：GB2312
2020-02-05 20:54:37,646 logger.py[line:33] DEBUG: 请求地址：http://yhxz521.com/5969_2.html
2020-02-05 20:54:37,673 logger.py[line:33] DEBUG: 编码为：GB2312
2020-02-05 20:54:38,613 logger.py[line:33] DEBUG: 请求地址：http://yhxz521.com/5969_3.html
2020-02-05 20:54:38,642 logger.py[line:33] DEBUG: 编码为：GB2312
2020-02-05 20:54:39,043 logger.py[line:33] DEBUG: 请求地址：http://yhxz521.com/5969_4.html
2020-02-05 20:54:39,065 logger.py[line:33] DEBUG: 编码为：GB2312
2020-02-05 20:54:42,484 logger.py[line:33] DEBUG: 请求地址：http://yhxz521.com/5969_5.html
2020-02-05 20:54:42,515 logger.py[line:33] DEBUG: 编码为：GB2312
2020-02-05 20:54:42,929 logger.py[line:33] DEBUG: 请求地址：http://yhxz521.com/5969_6.html
2020-02-05 20:54:42,961 logger.py[line:33] DEBUG: 编码为：GB2312
2020-02-05 20:54:43,374 logger.py[line:33] DEBUG: 请求地址：http://yhxz521.com/5969_7.html
2020-02-05 20:54:43,400 logger.py[line:33] DEBUG: 编码为：GB2312
2020-02-05 20:54:53,020 logger.py[line:33] DEBUG: 请求地址：http://yhxz521.com/5969_8.html
2020-02-05 20:54:53,051 logger.py[line:33] DEBUG: 编码为：GB2312
2020-02-05 20:55:05,678 logger.py[line:33] DEBUG: 请求地址：http://yhxz521.com/5969_9.html
2020-02-05 20:55:05,701 logger.py[line:33] DEBUG: 编码为：GB2312
2020-02-05 20:55:06,079 logger.py[line:33] DEBUG: 请求地址：http://yhxz521.com/5969_10.html
2020-02-05 20:55:06,107 logger.py[line:33] DEBUG: 编码为：GB2312
2020-02-05 20:55:15,504 logger.py[line:33] DEBUG: 请求地址：http://yhxz521.com/5969_11.html
2020-02-05 20:55:15,527 logger.py[line:33] DEBUG: 编码为：GB2312
2020-02-05 20:55:15,904 logger.py[line:33] DEBUG: 请求地址：http://yhxz521.com/5969_12.html
2020-02-05 20:55:15,925 logger.py[line:33] DEBUG: 编码为：GB2312
2020-02-05 20:55:16,305 logger.py[line:33] DEBUG: 请求地址：http://yhxz521.com/5969_13.html
2020-02-05 20:55:16,325 logger.py[line:33] DEBUG: 编码为：GB2312
2020-02-05 20:55:20,883 logger.py[line:33] DEBUG: 请求地址：http://yhxz521.com/5969_14.html
2020-02-05 20:55:20,915 logger.py[line:33] DEBUG: 编码为：GB2312
2020-02-05 20:55:24,306 logger.py[line:33] DEBUG: 请求地址：http://yhxz521.com/5969_15.html
2020-02-05 20:55:24,326 logger.py[line:33] DEBUG: 编码为：GB2312
2020-02-05 20:55:24,699 logger.py[line:33] DEBUG: 请求地址：http://yhxz521.com/5969_16.html
2020-02-05 20:55:24,723 logger.py[line:33] DEBUG: 编码为：GB2312
2020-02-05 20:55:28,094 logger.py[line:33] DEBUG: 请求地址：http://yhxz521.com/5969_17.html
2020-02-05 20:55:28,115 logger.py[line:33] DEBUG: 编码为：GB2312
2020-02-05 20:55:31,504 logger.py[line:33] DEBUG: 请求地址：http://yhxz521.com/5969_18.html
2020-02-05 20:55:31,528 logger.py[line:33] DEBUG: 编码为：GB2312
2020-02-05 20:55:33,008 logger.py[line:33] DEBUG: 请求地址：http://yhxz521.com/5969_19.html
2020-02-05 20:55:33,033 logger.py[line:33] DEBUG: 编码为：GB2312
2020-02-05 20:55:33,412 logger.py[line:33] DEBUG: 请求地址：http://yhxz521.com/5969_20.html
2020-02-05 20:55:33,434 logger.py[line:33] DEBUG: 编码为：GB2312
2020-02-05 20:55:36,817 logger.py[line:33] DEBUG: 请求地址：http://yhxz521.com/5969_21.html
2020-02-05 20:55:36,837 logger.py[line:33] DEBUG: 编码为：GB2312
2020-02-05 20:55:37,204 logger.py[line:33] DEBUG: 请求地址：http://yhxz521.com/5969_22.html
2020-02-05 20:55:37,225 logger.py[line:33] DEBUG: 编码为：GB2312
2020-02-05 20:55:37,612 logger.py[line:33] DEBUG: 请求地址：http://yhxz521.com/5969_23.html
2020-02-05 20:55:37,638 logger.py[line:33] DEBUG: 编码为：GB2312
2020-02-05 20:55:47,047 logger.py[line:33] DEBUG: 请求地址：http://yhxz521.com/5969_24.html
2020-02-05 20:55:47,067 logger.py[line:33] DEBUG: 编码为：GB2312
2020-02-05 20:55:50,440 logger.py[line:33] DEBUG: 请求地址：http://yhxz521.com/5969_2.html
2020-02-05 20:55:50,460 logger.py[line:33] DEBUG: 编码为：GB2312
2020-02-05 20:55:57,088 logger.py[line:33] DEBUG: 请求地址：http://yhxz521.com/qingchun/5968.html
2020-02-05 20:55:57,251 logger.py[line:33] DEBUG: 编码为：GB2312
2020-02-05 20:55:57,633 logger.py[line:33] DEBUG: 请求地址：http://yhxz521.com/5968_2.html
2020-02-05 20:55:57,662 logger.py[line:33] DEBUG: 编码为：GB2312
2020-02-05 20:55:58,511 logger.py[line:33] DEBUG: 请求地址：http://yhxz521.com/5968_3.html
2020-02-05 20:55:58,534 logger.py[line:33] DEBUG: 编码为：GB2312
2020-02-05 20:55:58,917 logger.py[line:33] DEBUG: 请求地址：http://yhxz521.com/5968_4.html
2020-02-05 20:55:58,941 logger.py[line:33] DEBUG: 编码为：GB2312
2020-02-05 20:56:08,325 logger.py[line:33] DEBUG: 请求地址：http://yhxz521.com/5968_5.html
2020-02-05 20:56:08,348 logger.py[line:33] DEBUG: 编码为：GB2312
2020-02-05 21:08:34,759 logger.py[line:33] DEBUG: ***********开始爬取***********
2020-02-05 21:08:36,195 logger.py[line:33] DEBUG: 请求地址：http://yhxz521.com
2020-02-05 21:08:36,470 logger.py[line:33] DEBUG: 编码为：GB2312
2020-02-05 21:08:36,475 logger.py[line:33] DEBUG: 分类list为：['/', '/qingchun/', '/xinggan/', '/siwa/', '/hanguo/', '/riben/', '/xiezhen/', '/a/jingpindongtai/', '/a/chengrenmanhua/', '/a/guochanzipai/', '/a/ziyuanxiazai/']
2020-02-05 21:08:39,867 logger.py[line:33] DEBUG: 请求地址：http://yhxz521.com/qingchun/
2020-02-05 21:08:40,038 logger.py[line:33] DEBUG: 编码为：GB2312
2020-02-05 21:08:40,457 logger.py[line:33] DEBUG: 请求地址：http://yhxz521.com/qingchun/1_1.html
2020-02-05 21:08:40,638 logger.py[line:33] DEBUG: 编码为：GB2312
2020-02-05 21:08:43,164 logger.py[line:33] DEBUG: 请求地址：http://yhxz521.com/qingchun/5971.html
2020-02-05 21:08:43,326 logger.py[line:33] DEBUG: 编码为：GB2312
2020-02-05 21:08:44,180 logger.py[line:33] DEBUG: 请求地址：http://yhxz521.com/5971_2.html
2020-02-05 21:08:44,201 logger.py[line:33] DEBUG: 编码为：GB2312
2020-02-05 21:08:45,042 logger.py[line:33] DEBUG: 请求地址：http://yhxz521.com/5971_3.html
2020-02-05 21:08:45,085 logger.py[line:33] DEBUG: 编码为：GB2312
2020-02-05 21:08:45,945 logger.py[line:33] DEBUG: 请求地址：http://yhxz521.com/5971_4.html
2020-02-05 21:08:45,963 logger.py[line:33] DEBUG: 编码为：GB2312
2020-02-05 21:08:46,342 logger.py[line:33] DEBUG: 请求地址：http://yhxz521.com/5971_5.html
2020-02-05 21:08:46,361 logger.py[line:33] DEBUG: 编码为：GB2312
2020-02-05 21:08:55,742 logger.py[line:33] DEBUG: 请求地址：http://yhxz521.com/5971_6.html
2020-02-05 21:08:55,762 logger.py[line:33] DEBUG: 编码为：GB2312
2020-02-05 21:08:56,146 logger.py[line:33] DEBUG: 请求地址：http://yhxz521.com/5971_7.html
2020-02-05 21:08:56,169 logger.py[line:33] DEBUG: 编码为：GB2312
2020-02-05 21:08:56,569 logger.py[line:33] DEBUG: 请求地址：http://yhxz521.com/5971_8.html
2020-02-05 21:08:56,589 logger.py[line:33] DEBUG: 编码为：GB2312
2020-02-05 21:08:57,447 logger.py[line:33] DEBUG: 请求地址：http://yhxz521.com/5971_9.html
2020-02-05 21:08:57,470 logger.py[line:33] DEBUG: 编码为：GB2312
2020-02-05 21:08:57,850 logger.py[line:33] DEBUG: 请求地址：http://yhxz521.com/5971_10.html
2020-02-05 21:08:57,881 logger.py[line:33] DEBUG: 编码为：GB2312
2020-02-05 21:08:58,262 logger.py[line:33] DEBUG: 请求地址：http://yhxz521.com/5971_11.html
2020-02-05 21:08:58,281 logger.py[line:33] DEBUG: 编码为：GB2312
2020-02-05 21:08:59,103 logger.py[line:33] DEBUG: 请求地址：http://yhxz521.com/5971_12.html
2020-02-05 21:08:59,123 logger.py[line:33] DEBUG: 编码为：GB2312
2020-02-05 21:08:59,946 logger.py[line:33] DEBUG: 请求地址：http://yhxz521.com/5971_13.html
2020-02-05 21:08:59,966 logger.py[line:33] DEBUG: 编码为：GB2312
2020-02-05 21:09:03,350 logger.py[line:33] DEBUG: 请求地址：http://yhxz521.com/5971_14.html
2020-02-05 21:09:03,367 logger.py[line:33] DEBUG: 编码为：GB2312
2020-02-05 21:09:03,747 logger.py[line:33] DEBUG: 请求地址：http://yhxz521.com/5971_15.html
2020-02-05 21:09:03,768 logger.py[line:33] DEBUG: 编码为：GB2312
2020-02-05 21:09:04,618 logger.py[line:33] DEBUG: 请求地址：http://yhxz521.com/5971_16.html
2020-02-05 21:09:04,636 logger.py[line:33] DEBUG: 编码为：GB2312
2020-02-05 21:09:05,015 logger.py[line:33] DEBUG: 请求地址：http://yhxz521.com/5971_17.html
2020-02-05 21:09:05,036 logger.py[line:33] DEBUG: 编码为：GB2312
2020-02-05 21:09:05,400 logger.py[line:33] DEBUG: 请求地址：http://yhxz521.com/5971_18.html
2020-02-05 21:09:05,427 logger.py[line:33] DEBUG: 编码为：GB2312
2020-02-05 21:09:05,806 logger.py[line:33] DEBUG: 请求地址：http://yhxz521.com/5971_19.html
2020-02-05 21:09:05,825 logger.py[line:33] DEBUG: 编码为：GB2312
2020-02-05 21:09:06,744 logger.py[line:33] DEBUG: 请求地址：http://yhxz521.com/5971_20.html
2020-02-05 21:09:06,765 logger.py[line:33] DEBUG: 编码为：GB2312
2020-02-05 21:09:07,138 logger.py[line:33] DEBUG: 请求地址：http://yhxz521.com/5971_2.html
2020-02-05 21:09:07,155 logger.py[line:33] DEBUG: 编码为：GB2312
2020-02-05 21:09:08,223 logger.py[line:33] DEBUG: 请求地址：http://yhxz521.com/qingchun/5970.html
2020-02-05 21:09:08,366 logger.py[line:33] DEBUG: 编码为：GB2312
2020-02-05 21:09:08,797 logger.py[line:33] DEBUG: 请求地址：http://yhxz521.com/5970_2.html
2020-02-05 21:09:08,816 logger.py[line:33] DEBUG: 编码为：GB2312
2020-02-05 21:09:09,199 logger.py[line:33] DEBUG: 请求地址：http://yhxz521.com/5970_3.html
2020-02-05 21:09:09,217 logger.py[line:33] DEBUG: 编码为：GB2312
2020-02-05 21:09:10,103 logger.py[line:33] DEBUG: 请求地址：http://yhxz521.com/5970_4.html
2020-02-05 21:09:10,121 logger.py[line:33] DEBUG: 编码为：GB2312
2020-02-05 21:09:10,498 logger.py[line:33] DEBUG: 请求地址：http://yhxz521.com/5970_5.html
2020-02-05 21:09:10,518 logger.py[line:33] DEBUG: 编码为：GB2312
2020-02-05 21:09:11,353 logger.py[line:33] DEBUG: 请求地址：http://yhxz521.com/5970_6.html
2020-02-05 21:09:11,371 logger.py[line:33] DEBUG: 编码为：GB2312
2020-02-05 21:09:11,770 logger.py[line:33] DEBUG: 请求地址：http://yhxz521.com/5970_7.html
2020-02-05 21:09:11,796 logger.py[line:33] DEBUG: 编码为：GB2312
2020-02-05 21:09:12,173 logger.py[line:33] DEBUG: 请求地址：http://yhxz521.com/5970_8.html
2020-02-05 21:09:12,198 logger.py[line:33] DEBUG: 编码为：GB2312
2020-02-05 21:09:12,576 logger.py[line:33] DEBUG: 请求地址：http://yhxz521.com/5970_9.html
2020-02-05 21:09:12,595 logger.py[line:33] DEBUG: 编码为：GB2312
2020-02-05 21:09:12,965 logger.py[line:33] DEBUG: 请求地址：http://yhxz521.com/5970_10.html
2020-02-05 21:09:12,984 logger.py[line:33] DEBUG: 编码为：GB2312
2020-02-05 21:09:13,356 logger.py[line:33] DEBUG: 请求地址：http://yhxz521.com/5970_11.html
2020-02-05 21:09:13,376 logger.py[line:33] DEBUG: 编码为：GB2312
2020-02-05 21:09:13,765 logger.py[line:33] DEBUG: 请求地址：http://yhxz521.com/5970_12.html
2020-02-05 21:09:13,790 logger.py[line:33] DEBUG: 编码为：GB2312
2020-02-05 21:09:14,165 logger.py[line:33] DEBUG: 请求地址：http://yhxz521.com/5970_13.html
2020-02-05 21:09:14,188 logger.py[line:33] DEBUG: 编码为：GB2312
2020-02-05 21:09:17,588 logger.py[line:33] DEBUG: 请求地址：http://yhxz521.com/5970_14.html
2020-02-05 21:09:17,611 logger.py[line:33] DEBUG: 编码为：GB2312
2020-02-05 21:09:20,992 logger.py[line:33] DEBUG: 请求地址：http://yhxz521.com/5970_15.html
2020-02-05 21:09:21,010 logger.py[line:33] DEBUG: 编码为：GB2312
2020-02-05 21:09:21,837 logger.py[line:33] DEBUG: 请求地址：http://yhxz521.com/5970_16.html
2020-02-05 21:09:21,856 logger.py[line:33] DEBUG: 编码为：GB2312
2020-02-05 21:09:22,241 logger.py[line:33] DEBUG: 请求地址：http://yhxz521.com/5970_17.html
2020-02-05 21:09:22,259 logger.py[line:33] DEBUG: 编码为：GB2312
2020-02-05 21:09:25,654 logger.py[line:33] DEBUG: 请求地址：http://yhxz521.com/5970_18.html
2020-02-05 21:09:25,676 logger.py[line:33] DEBUG: 编码为：GB2312
2020-02-05 21:09:26,049 logger.py[line:33] DEBUG: 请求地址：http://yhxz521.com/5970_19.html
2020-02-05 21:09:26,068 logger.py[line:33] DEBUG: 编码为：GB2312
2020-02-05 21:09:29,465 logger.py[line:33] DEBUG: 请求地址：http://yhxz521.com/5970_20.html
2020-02-05 21:09:29,484 logger.py[line:33] DEBUG: 编码为：GB2312
2020-02-05 21:09:29,864 logger.py[line:33] DEBUG: 请求地址：http://yhxz521.com/5970_2.html
2020-02-05 21:09:29,884 logger.py[line:33] DEBUG: 编码为：GB2312
2020-02-05 21:09:30,276 logger.py[line:33] DEBUG: 请求地址：http://yhxz521.com/qingchun/5969.html
2020-02-05 21:09:30,422 logger.py[line:33] DEBUG: 编码为：GB2312
2020-02-05 21:09:31,277 logger.py[line:33] DEBUG: 请求地址：http://yhxz521.com/5969_2.html
2020-02-05 21:09:31,297 logger.py[line:33] DEBUG: 编码为：GB2312
2020-02-05 21:09:31,684 logger.py[line:33] DEBUG: 请求地址：http://yhxz521.com/5969_3.html
2020-02-05 21:09:31,706 logger.py[line:33] DEBUG: 编码为：GB2312
2020-02-05 21:09:35,111 logger.py[line:33] DEBUG: 请求地址：http://yhxz521.com/5969_4.html
2020-02-05 21:09:35,129 logger.py[line:33] DEBUG: 编码为：GB2312
2020-02-05 21:09:35,530 logger.py[line:33] DEBUG: 请求地址：http://yhxz521.com/5969_5.html
2020-02-05 21:09:35,548 logger.py[line:33] DEBUG: 编码为：GB2312
2020-02-05 21:09:44,932 logger.py[line:33] DEBUG: 请求地址：http://yhxz521.com/5969_6.html
2020-02-05 21:09:44,951 logger.py[line:33] DEBUG: 编码为：GB2312
2020-02-05 21:09:45,344 logger.py[line:33] DEBUG: 请求地址：http://yhxz521.com/5969_7.html
2020-02-05 21:09:45,366 logger.py[line:33] DEBUG: 编码为：GB2312
2020-02-05 21:09:45,750 logger.py[line:33] DEBUG: 请求地址：http://yhxz521.com/5969_8.html
2020-02-05 21:09:45,773 logger.py[line:33] DEBUG: 编码为：GB2312
2020-02-05 21:09:49,152 logger.py[line:33] DEBUG: 请求地址：http://yhxz521.com/5969_9.html
2020-02-05 21:09:49,172 logger.py[line:33] DEBUG: 编码为：GB2312
2020-02-05 21:09:50,012 logger.py[line:33] DEBUG: 请求地址：http://yhxz521.com/5969_10.html
2020-02-05 21:09:50,033 logger.py[line:33] DEBUG: 编码为：GB2312
2020-02-05 21:09:50,403 logger.py[line:33] DEBUG: 请求地址：http://yhxz521.com/5969_11.html
2020-02-05 21:09:50,420 logger.py[line:33] DEBUG: 编码为：GB2312
2020-02-05 21:09:50,805 logger.py[line:33] DEBUG: 请求地址：http://yhxz521.com/5969_12.html
2020-02-05 21:09:50,823 logger.py[line:33] DEBUG: 编码为：GB2312
2020-02-05 21:09:51,250 logger.py[line:33] DEBUG: 请求地址：http://yhxz521.com/5969_13.html
2020-02-05 21:09:51,267 logger.py[line:33] DEBUG: 编码为：GB2312
2020-02-05 21:09:51,655 logger.py[line:33] DEBUG: 请求地址：http://yhxz521.com/5969_14.html
2020-02-05 21:09:51,673 logger.py[line:33] DEBUG: 编码为：GB2312
2020-02-05 21:09:52,496 logger.py[line:33] DEBUG: 请求地址：http://yhxz521.com/5969_15.html
2020-02-05 21:09:52,517 logger.py[line:33] DEBUG: 编码为：GB2312
2020-02-05 21:09:55,897 logger.py[line:33] DEBUG: 请求地址：http://yhxz521.com/5969_16.html
2020-02-05 21:09:55,917 logger.py[line:33] DEBUG: 编码为：GB2312
2020-02-05 21:09:56,288 logger.py[line:33] DEBUG: 请求地址：http://yhxz521.com/5969_17.html
2020-02-05 21:09:56,310 logger.py[line:33] DEBUG: 编码为：GB2312
2020-02-05 21:09:56,686 logger.py[line:33] DEBUG: 请求地址：http://yhxz521.com/5969_18.html
2020-02-05 21:09:56,724 logger.py[line:33] DEBUG: 编码为：GB2312
2020-02-05 21:09:57,091 logger.py[line:33] DEBUG: 请求地址：http://yhxz521.com/5969_19.html
2020-02-05 21:09:57,109 logger.py[line:33] DEBUG: 编码为：GB2312
2020-02-05 21:09:57,470 logger.py[line:33] DEBUG: 请求地址：http://yhxz521.com/5969_20.html
2020-02-05 21:09:57,490 logger.py[line:33] DEBUG: 编码为：GB2312
2020-02-05 21:09:57,884 logger.py[line:33] DEBUG: 请求地址：http://yhxz521.com/5969_21.html
2020-02-05 21:09:57,902 logger.py[line:33] DEBUG: 编码为：GB2312
2020-02-05 21:10:01,294 logger.py[line:33] DEBUG: 请求地址：http://yhxz521.com/5969_22.html
2020-02-05 21:10:01,314 logger.py[line:33] DEBUG: 编码为：GB2312
2020-02-05 21:10:01,692 logger.py[line:33] DEBUG: 请求地址：http://yhxz521.com/5969_23.html
2020-02-05 21:10:01,710 logger.py[line:33] DEBUG: 编码为：GB2312
2020-02-05 21:10:02,088 logger.py[line:33] DEBUG: 请求地址：http://yhxz521.com/5969_24.html
2020-02-05 21:10:02,110 logger.py[line:33] DEBUG: 编码为：GB2312
2020-02-05 21:10:02,488 logger.py[line:33] DEBUG: 请求地址：http://yhxz521.com/5969_2.html
2020-02-05 21:10:02,510 logger.py[line:33] DEBUG: 编码为：GB2312
2020-02-05 21:10:02,919 logger.py[line:33] DEBUG: 请求地址：http://yhxz521.com/qingchun/5968.html
2020-02-05 21:10:03,064 logger.py[line:33] DEBUG: 编码为：GB2312
2020-02-05 21:10:04,534 logger.py[line:33] DEBUG: 请求地址：http://yhxz521.com/5968_2.html
2020-02-05 21:10:04,562 logger.py[line:33] DEBUG: 编码为：GB2312
2020-02-05 21:12:46,907 logger.py[line:33] DEBUG: ***********开始爬取***********
2020-02-05 21:12:51,613 logger.py[line:33] DEBUG: 请求地址：http://yhxz521.com
2020-02-05 21:12:51,923 logger.py[line:33] DEBUG: 编码为：GB2312
2020-02-05 21:12:51,928 logger.py[line:33] DEBUG: 分类list为：['/', '/qingchun/', '/xinggan/', '/siwa/', '/hanguo/', '/riben/', '/xiezhen/', '/a/jingpindongtai/', '/a/chengrenmanhua/', '/a/guochanzipai/', '/a/ziyuanxiazai/']
2020-02-05 21:13:04,909 logger.py[line:33] DEBUG: 请求地址：http://yhxz521.com/qingchun/
2020-02-05 21:13:05,058 logger.py[line:33] DEBUG: 编码为：GB2312
2020-02-05 21:13:43,439 logger.py[line:33] DEBUG: ***********开始爬取***********
2020-02-05 21:13:48,804 logger.py[line:33] DEBUG: 请求地址：http://yhxz521.com
2020-02-05 21:13:49,124 logger.py[line:33] DEBUG: 编码为：GB2312
2020-02-05 21:13:49,131 logger.py[line:33] DEBUG: 分类list为：['/', '/qingchun/', '/xinggan/', '/siwa/', '/hanguo/', '/riben/', '/xiezhen/', '/a/jingpindongtai/', '/a/chengrenmanhua/', '/a/guochanzipai/', '/a/ziyuanxiazai/']
2020-02-05 21:13:50,851 logger.py[line:33] DEBUG: 请求地址：http://yhxz521.com/qingchun/
2020-02-05 21:13:50,997 logger.py[line:33] DEBUG: 编码为：GB2312
2020-02-05 21:13:51,946 logger.py[line:33] DEBUG: 请求地址：http://yhxz521.com/qingchun/1_1.html
2020-02-05 21:13:52,098 logger.py[line:33] DEBUG: 编码为：GB2312
2020-02-05 21:13:53,013 logger.py[line:33] DEBUG: 请求地址：http://yhxz521.com/qingchun/5971.html
2020-02-05 21:13:53,157 logger.py[line:33] DEBUG: 编码为：GB2312
2020-02-05 21:13:53,529 logger.py[line:33] DEBUG: 请求地址：http://yhxz521.com/5971_2.html
2020-02-05 21:13:53,550 logger.py[line:33] DEBUG: 编码为：GB2312
2020-02-05 21:13:53,933 logger.py[line:33] DEBUG: 请求地址：http://yhxz521.com/5971_3.html
2020-02-05 21:13:53,951 logger.py[line:33] DEBUG: 编码为：GB2312
2020-02-05 21:14:03,927 logger.py[line:33] DEBUG: 请求地址：http://yhxz521.com/5971_4.html
2020-02-05 21:14:03,945 logger.py[line:33] DEBUG: 编码为：GB2312
2020-02-05 21:14:09,857 logger.py[line:33] DEBUG: 请求地址：http://yhxz521.com/5971_5.html
2020-02-05 21:14:09,886 logger.py[line:33] DEBUG: 编码为：GB2312
